# JRE version: Java(TM) SE Runtime Environment (8.0_161-b12) (build 1.8.0_161-b12)
# Java VM: Java HotSpot(TM) 64-Bit Server VM (25.161-b12 mixed mode linux-amd64 compressed oops)
Heap:
 PSYoungGen      total 36864K, used 9269K [0x00000000d7100000, 0x00000000da700000, 0x0000000100000000)
  eden space 31744K, 13% used [0x00000000d7100000,0x00000000d750d740,0x00000000d9000000)
  from space 5120K, 99% used [0x00000000d9000000,0x00000000d94ffd30,0x00000000d9500000)
  to   space 5120K, 0% used [0x00000000da200000,0x00000000da200000,0x00000000da700000)
 ParOldGen       total 60928K, used 10703K [0x0000000085200000, 0x0000000088d80000, 0x00000000d7100000)
  object space 60928K, 17% used [0x0000000085200000,0x0000000085c73fc8,0x0000000088d80000)
 Metaspace       used 29367K, capacity 30526K, committed 30640K, reserved 1075200K
  class space    used 4124K, capacity 4518K, committed 4528K, reserved 1048576K
GC Heap History (8 events):
Event: 0.799 GC heap before
{Heap before GC invocations=1 (full 0):
 PSYoungGen      total 36864K, used 31744K [0x00000000d7100000, 0x00000000d9a00000, 0x0000000100000000)
  eden space 31744K, 100% used [0x00000000d7100000,0x00000000d9000000,0x00000000d9000000)
  from space 5120K, 0% used [0x00000000d9500000,0x00000000d9500000,0x00000000d9a00000)
  to   space 5120K, 0% used [0x00000000d9000000,0x00000000d9000000,0x00000000d9500000)
 ParOldGen       total 84992K, used 0K [0x0000000085200000, 0x000000008a500000, 0x00000000d7100000)
  object space 84992K, 0% used [0x0000000085200000,0x0000000085200000,0x000000008a500000)
 Metaspace       used 16018K, capacity 16666K, committed 16896K, reserved 1062912K
  class space    used 2332K, capacity 2507K, committed 2560K, reserved 1048576K
Event: 0.807 GC heap after
Heap after GC invocations=1 (full 0):
 PSYoungGen      total 36864K, used 5109K [0x00000000d7100000, 0x00000000d9a00000, 0x0000000100000000)
  eden space 31744K, 0% used [0x00000000d7100000,0x00000000d7100000,0x00000000d9000000)
  from space 5120K, 99% used [0x00000000d9000000,0x00000000d94fd690,0x00000000d9500000)
  to   space 5120K, 0% used [0x00000000d9500000,0x00000000d9500000,0x00000000d9a00000)
 ParOldGen       total 84992K, used 366K [0x0000000085200000, 0x000000008a500000, 0x00000000d7100000)
  object space 84992K, 0% used [0x0000000085200000,0x000000008525bb58,0x000000008a500000)
 Metaspace       used 16018K, capacity 16666K, committed 16896K, reserved 1062912K
  class space    used 2332K, capacity 2507K, committed 2560K, reserved 1048576K
}
Event: 1.027 GC heap before
{Heap before GC invocations=2 (full 0):
 PSYoungGen      total 36864K, used 19430K [0x00000000d7100000, 0x00000000d9a00000, 0x0000000100000000)
  eden space 31744K, 45% used [0x00000000d7100000,0x00000000d7efc2f0,0x00000000d9000000)
  from space 5120K, 99% used [0x00000000d9000000,0x00000000d94fd690,0x00000000d9500000)
  to   space 5120K, 0% used [0x00000000d9500000,0x00000000d9500000,0x00000000d9a00000)
 ParOldGen       total 84992K, used 366K [0x0000000085200000, 0x000000008a500000, 0x00000000d7100000)
  object space 84992K, 0% used [0x0000000085200000,0x000000008525bb58,0x000000008a500000)
 Metaspace       used 20496K, capacity 21190K, committed 21296K, reserved 1067008K
  class space    used 2899K, capacity 3095K, committed 3120K, reserved 1048576K
Event: 1.037 GC heap after
Heap after GC invocations=2 (full 0):
 PSYoungGen      total 36864K, used 5092K [0x00000000d7100000, 0x00000000db900000, 0x0000000100000000)
  eden space 31744K, 0% used [0x00000000d7100000,0x00000000d7100000,0x00000000d9000000)
  from space 5120K, 99% used [0x00000000d9500000,0x00000000d99f9060,0x00000000d9a00000)
  to   space 5120K, 0% used [0x00000000d9000000,0x00000000d9000000,0x00000000d9500000)
 ParOldGen       total 84992K, used 3627K [0x0000000085200000, 0x000000008a500000, 0x00000000d7100000)
  object space 84992K, 4% used [0x0000000085200000,0x000000008558ace0,0x000000008a500000)
 Metaspace       used 20496K, capacity 21190K, committed 21296K, reserved 1067008K
  class space    used 2899K, capacity 3095K, committed 3120K, reserved 1048576K
}
Event: 1.037 GC heap before
{Heap before GC invocations=3 (full 1):
 PSYoungGen      total 36864K, used 5092K [0x00000000d7100000, 0x00000000db900000, 0x0000000100000000)
  eden space 31744K, 0% used [0x00000000d7100000,0x00000000d7100000,0x00000000d9000000)
  from space 5120K, 99% used [0x00000000d9500000,0x00000000d99f9060,0x00000000d9a00000)
  to   space 5120K, 0% used [0x00000000d9000000,0x00000000d9000000,0x00000000d9500000)
 ParOldGen       total 84992K, used 3627K [0x0000000085200000, 0x000000008a500000, 0x00000000d7100000)
  object space 84992K, 4% used [0x0000000085200000,0x000000008558ace0,0x000000008a500000)
 Metaspace       used 20496K, capacity 21190K, committed 21296K, reserved 1067008K
  class space    used 2899K, capacity 3095K, committed 3120K, reserved 1048576K
Event: 1.066 GC heap after
Heap after GC invocations=3 (full 1):
 PSYoungGen      total 36864K, used 0K [0x00000000d7100000, 0x00000000db900000, 0x0000000100000000)
  eden space 31744K, 0% used [0x00000000d7100000,0x00000000d7100000,0x00000000d9000000)
  from space 5120K, 0% used [0x00000000d9500000,0x00000000d9500000,0x00000000d9a00000)
  to   space 5120K, 0% used [0x00000000d9000000,0x00000000d9000000,0x00000000d9500000)
 ParOldGen       total 60928K, used 8311K [0x0000000085200000, 0x0000000088d80000, 0x00000000d7100000)
  object space 60928K, 13% used [0x0000000085200000,0x0000000085a1dc68,0x0000000088d80000)
 Metaspace       used 20496K, capacity 21190K, committed 21296K, reserved 1067008K
  class space    used 2899K, capacity 3095K, committed 3120K, reserved 1048576K
}
Event: 3.771 GC heap before
{Heap before GC invocations=4 (full 1):
 PSYoungGen      total 36864K, used 31744K [0x00000000d7100000, 0x00000000db900000, 0x0000000100000000)
  eden space 31744K, 100% used [0x00000000d7100000,0x00000000d9000000,0x00000000d9000000)
  from space 5120K, 0% used [0x00000000d9500000,0x00000000d9500000,0x00000000d9a00000)
  to   space 5120K, 0% used [0x00000000d9000000,0x00000000d9000000,0x00000000d9500000)
 ParOldGen       total 60928K, used 8311K [0x0000000085200000, 0x0000000088d80000, 0x00000000d7100000)
  object space 60928K, 13% used [0x0000000085200000,0x0000000085a1dc68,0x0000000088d80000)
 Metaspace       used 29063K, capacity 30206K, committed 30384K, reserved 1075200K
  class space    used 4072K, capacity 4454K, committed 4528K, reserved 1048576K
Event: 3.779 GC heap after
Heap after GC invocations=4 (full 1):
 PSYoungGen      total 36864K, used 5119K [0x00000000d7100000, 0x00000000da700000, 0x0000000100000000)
  eden space 31744K, 0% used [0x00000000d7100000,0x00000000d7100000,0x00000000d9000000)
  from space 5120K, 99% used [0x00000000d9000000,0x00000000d94ffd30,0x00000000d9500000)
  to   space 5120K, 0% used [0x00000000da200000,0x00000000da200000,0x00000000da700000)
 ParOldGen       total 60928K, used 10703K [0x0000000085200000, 0x0000000088d80000, 0x00000000d7100000)
  object space 60928K, 17% used [0x0000000085200000,0x0000000085c73fc8,0x0000000088d80000)
 Metaspace       used 29063K, capacity 30206K, committed 30384K, reserved 1075200K
  class space    used 4072K, capacity 4454K, committed 4528K, reserved 1048576K
}

