# JRE version: Java(TM) SE Runtime Environment (8.0_161-b12) (build 1.8.0_161-b12)
# Java VM: Java HotSpot(TM) 64-Bit Server VM (25.161-b12 mixed mode linux-amd64 compressed oops)
Heap:
 PSYoungGen      total 36864K, used 8894K [0x00000000d7100000, 0x00000000da480000, 0x0000000100000000)
  eden space 31744K, 11% used [0x00000000d7100000,0x00000000d74b39a0,0x00000000d9000000)
  from space 5120K, 99% used [0x00000000d9000000,0x00000000d94fbfb8,0x00000000d9500000)
  to   space 5120K, 0% used [0x00000000d9f80000,0x00000000d9f80000,0x00000000da480000)
 ParOldGen       total 63488K, used 10627K [0x0000000085200000, 0x0000000089000000, 0x00000000d7100000)
  object space 63488K, 16% used [0x0000000085200000,0x0000000085c60c48,0x0000000089000000)
 Metaspace       used 29459K, capacity 30664K, committed 30896K, reserved 1075200K
  class space    used 4127K, capacity 4519K, committed 4528K, reserved 1048576K
GC Heap History (8 events):
Event: 0.814 GC heap before
{Heap before GC invocations=1 (full 0):
 PSYoungGen      total 36864K, used 31744K [0x00000000d7100000, 0x00000000d9a00000, 0x0000000100000000)
  eden space 31744K, 100% used [0x00000000d7100000,0x00000000d9000000,0x00000000d9000000)
  from space 5120K, 0% used [0x00000000d9500000,0x00000000d9500000,0x00000000d9a00000)
  to   space 5120K, 0% used [0x00000000d9000000,0x00000000d9000000,0x00000000d9500000)
 ParOldGen       total 84992K, used 0K [0x0000000085200000, 0x000000008a500000, 0x00000000d7100000)
  object space 84992K, 0% used [0x0000000085200000,0x0000000085200000,0x000000008a500000)
 Metaspace       used 16032K, capacity 16654K, committed 16896K, reserved 1062912K
  class space    used 2332K, capacity 2507K, committed 2560K, reserved 1048576K
Event: 0.821 GC heap after
Heap after GC invocations=1 (full 0):
 PSYoungGen      total 36864K, used 5109K [0x00000000d7100000, 0x00000000d9a00000, 0x0000000100000000)
  eden space 31744K, 0% used [0x00000000d7100000,0x00000000d7100000,0x00000000d9000000)
  from space 5120K, 99% used [0x00000000d9000000,0x00000000d94fd690,0x00000000d9500000)
  to   space 5120K, 0% used [0x00000000d9500000,0x00000000d9500000,0x00000000d9a00000)
 ParOldGen       total 84992K, used 397K [0x0000000085200000, 0x000000008a500000, 0x00000000d7100000)
  object space 84992K, 0% used [0x0000000085200000,0x00000000852636d8,0x000000008a500000)
 Metaspace       used 16032K, capacity 16654K, committed 16896K, reserved 1062912K
  class space    used 2332K, capacity 2507K, committed 2560K, reserved 1048576K
}
Event: 1.064 GC heap before
{Heap before GC invocations=2 (full 0):
 PSYoungGen      total 36864K, used 19478K [0x00000000d7100000, 0x00000000d9a00000, 0x0000000100000000)
  eden space 31744K, 45% used [0x00000000d7100000,0x00000000d7f08340,0x00000000d9000000)
  from space 5120K, 99% used [0x00000000d9000000,0x00000000d94fd690,0x00000000d9500000)
  to   space 5120K, 0% used [0x00000000d9500000,0x00000000d9500000,0x00000000d9a00000)
 ParOldGen       total 84992K, used 397K [0x0000000085200000, 0x000000008a500000, 0x00000000d7100000)
  object space 84992K, 0% used [0x0000000085200000,0x00000000852636d8,0x000000008a500000)
 Metaspace       used 20526K, capacity 21190K, committed 21296K, reserved 1067008K
  class space    used 2901K, capacity 3097K, committed 3120K, reserved 1048576K
Event: 1.071 GC heap after
Heap after GC invocations=2 (full 0):
 PSYoungGen      total 36864K, used 5092K [0x00000000d7100000, 0x00000000db900000, 0x0000000100000000)
  eden space 31744K, 0% used [0x00000000d7100000,0x00000000d7100000,0x00000000d9000000)
  from space 5120K, 99% used [0x00000000d9500000,0x00000000d99f9060,0x00000000d9a00000)
  to   space 5120K, 0% used [0x00000000d9000000,0x00000000d9000000,0x00000000d9500000)
 ParOldGen       total 84992K, used 3651K [0x0000000085200000, 0x000000008a500000, 0x00000000d7100000)
  object space 84992K, 4% used [0x0000000085200000,0x0000000085590c70,0x000000008a500000)
 Metaspace       used 20526K, capacity 21190K, committed 21296K, reserved 1067008K
  class space    used 2901K, capacity 3097K, committed 3120K, reserved 1048576K
}
Event: 1.071 GC heap before
{Heap before GC invocations=3 (full 1):
 PSYoungGen      total 36864K, used 5092K [0x00000000d7100000, 0x00000000db900000, 0x0000000100000000)
  eden space 31744K, 0% used [0x00000000d7100000,0x00000000d7100000,0x00000000d9000000)
  from space 5120K, 99% used [0x00000000d9500000,0x00000000d99f9060,0x00000000d9a00000)
  to   space 5120K, 0% used [0x00000000d9000000,0x00000000d9000000,0x00000000d9500000)
 ParOldGen       total 84992K, used 3651K [0x0000000085200000, 0x000000008a500000, 0x00000000d7100000)
  object space 84992K, 4% used [0x0000000085200000,0x0000000085590c70,0x000000008a500000)
 Metaspace       used 20526K, capacity 21190K, committed 21296K, reserved 1067008K
  class space    used 2901K, capacity 3097K, committed 3120K, reserved 1048576K
Event: 1.101 GC heap after
Heap after GC invocations=3 (full 1):
 PSYoungGen      total 36864K, used 0K [0x00000000d7100000, 0x00000000db900000, 0x0000000100000000)
  eden space 31744K, 0% used [0x00000000d7100000,0x00000000d7100000,0x00000000d9000000)
  from space 5120K, 0% used [0x00000000d9500000,0x00000000d9500000,0x00000000d9a00000)
  to   space 5120K, 0% used [0x00000000d9000000,0x00000000d9000000,0x00000000d9500000)
 ParOldGen       total 63488K, used 8316K [0x0000000085200000, 0x0000000089000000, 0x00000000d7100000)
  object space 63488K, 13% used [0x0000000085200000,0x0000000085a1f138,0x0000000089000000)
 Metaspace       used 20526K, capacity 21190K, committed 21296K, reserved 1067008K
  class space    used 2901K, capacity 3097K, committed 3120K, reserved 1048576K
}
Event: 4.947 GC heap before
{Heap before GC invocations=4 (full 1):
 PSYoungGen      total 36864K, used 31744K [0x00000000d7100000, 0x00000000db900000, 0x0000000100000000)
  eden space 31744K, 100% used [0x00000000d7100000,0x00000000d9000000,0x00000000d9000000)
  from space 5120K, 0% used [0x00000000d9500000,0x00000000d9500000,0x00000000d9a00000)
  to   space 5120K, 0% used [0x00000000d9000000,0x00000000d9000000,0x00000000d9500000)
 ParOldGen       total 63488K, used 8316K [0x0000000085200000, 0x0000000089000000, 0x00000000d7100000)
  object space 63488K, 13% used [0x0000000085200000,0x0000000085a1f138,0x0000000089000000)
 Metaspace       used 29161K, capacity 30216K, committed 30384K, reserved 1075200K
  class space    used 4077K, capacity 4455K, committed 4528K, reserved 1048576K
Event: 4.958 GC heap after
Heap after GC invocations=4 (full 1):
 PSYoungGen      total 36864K, used 5103K [0x00000000d7100000, 0x00000000da480000, 0x0000000100000000)
  eden space 31744K, 0% used [0x00000000d7100000,0x00000000d7100000,0x00000000d9000000)
  from space 5120K, 99% used [0x00000000d9000000,0x00000000d94fbfb8,0x00000000d9500000)
  to   space 5120K, 0% used [0x00000000d9f80000,0x00000000d9f80000,0x00000000da480000)
 ParOldGen       total 63488K, used 10627K [0x0000000085200000, 0x0000000089000000, 0x00000000d7100000)
  object space 63488K, 16% used [0x0000000085200000,0x0000000085c60c48,0x0000000089000000)
 Metaspace       used 29161K, capacity 30216K, committed 30384K, reserved 1075200K
  class space    used 4077K, capacity 4455K, committed 4528K, reserved 1048576K
}

