# JRE version: Java(TM) SE Runtime Environment (8.0_161-b12) (build 1.8.0_161-b12)
# Java VM: Java HotSpot(TM) 64-Bit Server VM (25.161-b12 mixed mode linux-amd64 compressed oops)
Heap:
 PSYoungGen      total 36864K, used 9154K [0x00000000d7100000, 0x00000000da400000, 0x0000000100000000)
  eden space 31744K, 12% used [0x00000000d7100000,0x00000000d74f5ab0,0x00000000d9000000)
  from space 5120K, 99% used [0x00000000d9000000,0x00000000d94fb100,0x00000000d9500000)
  to   space 5120K, 0% used [0x00000000d9f00000,0x00000000d9f00000,0x00000000da400000)
 ParOldGen       total 63488K, used 10568K [0x0000000085200000, 0x0000000089000000, 0x00000000d7100000)
  object space 63488K, 16% used [0x0000000085200000,0x0000000085c523f0,0x0000000089000000)
 Metaspace       used 29466K, capacity 30592K, committed 30640K, reserved 1075200K
  class space    used 4128K, capacity 4519K, committed 4528K, reserved 1048576K
GC Heap History (8 events):
Event: 0.975 GC heap before
{Heap before GC invocations=1 (full 0):
 PSYoungGen      total 36864K, used 31744K [0x00000000d7100000, 0x00000000d9a00000, 0x0000000100000000)
  eden space 31744K, 100% used [0x00000000d7100000,0x00000000d9000000,0x00000000d9000000)
  from space 5120K, 0% used [0x00000000d9500000,0x00000000d9500000,0x00000000d9a00000)
  to   space 5120K, 0% used [0x00000000d9000000,0x00000000d9000000,0x00000000d9500000)
 ParOldGen       total 84992K, used 0K [0x0000000085200000, 0x000000008a500000, 0x00000000d7100000)
  object space 84992K, 0% used [0x0000000085200000,0x0000000085200000,0x000000008a500000)
 Metaspace       used 16031K, capacity 16654K, committed 16896K, reserved 1062912K
  class space    used 2332K, capacity 2507K, committed 2560K, reserved 1048576K
Event: 0.981 GC heap after
Heap after GC invocations=1 (full 0):
 PSYoungGen      total 36864K, used 5088K [0x00000000d7100000, 0x00000000d9a00000, 0x0000000100000000)
  eden space 31744K, 0% used [0x00000000d7100000,0x00000000d7100000,0x00000000d9000000)
  from space 5120K, 99% used [0x00000000d9000000,0x00000000d94f8060,0x00000000d9500000)
  to   space 5120K, 0% used [0x00000000d9500000,0x00000000d9500000,0x00000000d9a00000)
 ParOldGen       total 84992K, used 418K [0x0000000085200000, 0x000000008a500000, 0x00000000d7100000)
  object space 84992K, 0% used [0x0000000085200000,0x0000000085268808,0x000000008a500000)
 Metaspace       used 16031K, capacity 16654K, committed 16896K, reserved 1062912K
  class space    used 2332K, capacity 2507K, committed 2560K, reserved 1048576K
}
Event: 1.244 GC heap before
{Heap before GC invocations=2 (full 0):
 PSYoungGen      total 36864K, used 19411K [0x00000000d7100000, 0x00000000d9a00000, 0x0000000100000000)
  eden space 31744K, 45% used [0x00000000d7100000,0x00000000d7efcbc8,0x00000000d9000000)
  from space 5120K, 99% used [0x00000000d9000000,0x00000000d94f8060,0x00000000d9500000)
  to   space 5120K, 0% used [0x00000000d9500000,0x00000000d9500000,0x00000000d9a00000)
 ParOldGen       total 84992K, used 418K [0x0000000085200000, 0x000000008a500000, 0x00000000d7100000)
  object space 84992K, 0% used [0x0000000085200000,0x0000000085268808,0x000000008a500000)
 Metaspace       used 20488K, capacity 21190K, committed 21296K, reserved 1067008K
  class space    used 2895K, capacity 3097K, committed 3120K, reserved 1048576K
Event: 1.251 GC heap after
Heap after GC invocations=2 (full 0):
 PSYoungGen      total 36864K, used 5108K [0x00000000d7100000, 0x00000000db900000, 0x0000000100000000)
  eden space 31744K, 0% used [0x00000000d7100000,0x00000000d7100000,0x00000000d9000000)
  from space 5120K, 99% used [0x00000000d9500000,0x00000000d99fd090,0x00000000d9a00000)
  to   space 5120K, 0% used [0x00000000d9000000,0x00000000d9000000,0x00000000d9500000)
 ParOldGen       total 84992K, used 3642K [0x0000000085200000, 0x000000008a500000, 0x00000000d7100000)
  object space 84992K, 4% used [0x0000000085200000,0x000000008558eb48,0x000000008a500000)
 Metaspace       used 20488K, capacity 21190K, committed 21296K, reserved 1067008K
  class space    used 2895K, capacity 3097K, committed 3120K, reserved 1048576K
}
Event: 1.251 GC heap before
{Heap before GC invocations=3 (full 1):
 PSYoungGen      total 36864K, used 5108K [0x00000000d7100000, 0x00000000db900000, 0x0000000100000000)
  eden space 31744K, 0% used [0x00000000d7100000,0x00000000d7100000,0x00000000d9000000)
  from space 5120K, 99% used [0x00000000d9500000,0x00000000d99fd090,0x00000000d9a00000)
  to   space 5120K, 0% used [0x00000000d9000000,0x00000000d9000000,0x00000000d9500000)
 ParOldGen       total 84992K, used 3642K [0x0000000085200000, 0x000000008a500000, 0x00000000d7100000)
  object space 84992K, 4% used [0x0000000085200000,0x000000008558eb48,0x000000008a500000)
 Metaspace       used 20488K, capacity 21190K, committed 21296K, reserved 1067008K
  class space    used 2895K, capacity 3097K, committed 3120K, reserved 1048576K
Event: 1.282 GC heap after
Heap after GC invocations=3 (full 1):
 PSYoungGen      total 36864K, used 0K [0x00000000d7100000, 0x00000000db900000, 0x0000000100000000)
  eden space 31744K, 0% used [0x00000000d7100000,0x00000000d7100000,0x00000000d9000000)
  from space 5120K, 0% used [0x00000000d9500000,0x00000000d9500000,0x00000000d9a00000)
  to   space 5120K, 0% used [0x00000000d9000000,0x00000000d9000000,0x00000000d9500000)
 ParOldGen       total 63488K, used 8305K [0x0000000085200000, 0x0000000089000000, 0x00000000d7100000)
  object space 63488K, 13% used [0x0000000085200000,0x0000000085a1c7d0,0x0000000089000000)
 Metaspace       used 20488K, capacity 21190K, committed 21296K, reserved 1067008K
  class space    used 2895K, capacity 3097K, committed 3120K, reserved 1048576K
}
Event: 5.712 GC heap before
{Heap before GC invocations=4 (full 1):
 PSYoungGen      total 36864K, used 31744K [0x00000000d7100000, 0x00000000db900000, 0x0000000100000000)
  eden space 31744K, 100% used [0x00000000d7100000,0x00000000d9000000,0x00000000d9000000)
  from space 5120K, 0% used [0x00000000d9500000,0x00000000d9500000,0x00000000d9a00000)
  to   space 5120K, 0% used [0x00000000d9000000,0x00000000d9000000,0x00000000d9500000)
 ParOldGen       total 63488K, used 8305K [0x0000000085200000, 0x0000000089000000, 0x00000000d7100000)
  object space 63488K, 13% used [0x0000000085200000,0x0000000085a1c7d0,0x0000000089000000)
 Metaspace       used 29170K, capacity 30272K, committed 30384K, reserved 1075200K
  class space    used 4075K, capacity 4455K, committed 4528K, reserved 1048576K
Event: 5.722 GC heap after
Heap after GC invocations=4 (full 1):
 PSYoungGen      total 36864K, used 5100K [0x00000000d7100000, 0x00000000da400000, 0x0000000100000000)
  eden space 31744K, 0% used [0x00000000d7100000,0x00000000d7100000,0x00000000d9000000)
  from space 5120K, 99% used [0x00000000d9000000,0x00000000d94fb100,0x00000000d9500000)
  to   space 5120K, 0% used [0x00000000d9f00000,0x00000000d9f00000,0x00000000da400000)
 ParOldGen       total 63488K, used 10568K [0x0000000085200000, 0x0000000089000000, 0x00000000d7100000)
  object space 63488K, 16% used [0x0000000085200000,0x0000000085c523f0,0x0000000089000000)
 Metaspace       used 29170K, capacity 30272K, committed 30384K, reserved 1075200K
  class space    used 4075K, capacity 4455K, committed 4528K, reserved 1048576K
}

